Determining if the pthread_create exist failed with the following output:
Change Dir: /home/yindong/relic/bulid/CMakeFiles/CMakeTmp

Run Build Command:"/usr/bin/make" "cmTC_76075/fast"
/usr/bin/make -f CMakeFiles/cmTC_76075.dir/build.make CMakeFiles/cmTC_76075.dir/build
make[1]: Entering directory '/home/yindong/relic/bulid/CMakeFiles/CMakeTmp'
Building C object CMakeFiles/cmTC_76075.dir/CheckSymbolExists.c.o
/usr/bin/cc    -o CMakeFiles/cmTC_76075.dir/CheckSymbolExists.c.o   -c /home/yindong/relic/bulid/CMakeFiles/CMakeTmp/CheckSymbolExists.c
Linking C executable cmTC_76075
/usr/local/bin/cmake -E cmake_link_script CMakeFiles/cmTC_76075.dir/link.txt --verbose=1
/usr/bin/cc      -rdynamic CMakeFiles/cmTC_76075.dir/CheckSymbolExists.c.o  -o cmTC_76075 
CMakeFiles/cmTC_76075.dir/CheckSymbolExists.c.o：在函数‘main’中：
CheckSymbolExists.c:(.text+0x16)：对‘pthread_create’未定义的引用
collect2: error: ld returned 1 exit status
CMakeFiles/cmTC_76075.dir/build.make:86: recipe for target 'cmTC_76075' failed
make[1]: *** [cmTC_76075] Error 1
make[1]: Leaving directory '/home/yindong/relic/bulid/CMakeFiles/CMakeTmp'
Makefile:126: recipe for target 'cmTC_76075/fast' failed
make: *** [cmTC_76075/fast] Error 2

File /home/yindong/relic/bulid/CMakeFiles/CMakeTmp/CheckSymbolExists.c:
/* */
#include <pthread.h>

int main(int argc, char** argv)
{
  (void)argv;
#ifndef pthread_create
  return ((int*)(&pthread_create))[argc];
#else
  (void)argc;
  return 0;
#endif
}

Determining if the function pthread_create exists in the pthreads failed with the following output:
Change Dir: /home/yindong/relic/bulid/CMakeFiles/CMakeTmp

Run Build Command:"/usr/bin/make" "cmTC_5801c/fast"
/usr/bin/make -f CMakeFiles/cmTC_5801c.dir/build.make CMakeFiles/cmTC_5801c.dir/build
make[1]: Entering directory '/home/yindong/relic/bulid/CMakeFiles/CMakeTmp'
Building C object CMakeFiles/cmTC_5801c.dir/CheckFunctionExists.c.o
/usr/bin/cc   -DCHECK_FUNCTION_EXISTS=pthread_create   -o CMakeFiles/cmTC_5801c.dir/CheckFunctionExists.c.o   -c /usr/local/share/cmake-3.11/Modules/CheckFunctionExists.c
Linking C executable cmTC_5801c
/usr/local/bin/cmake -E cmake_link_script CMakeFiles/cmTC_5801c.dir/link.txt --verbose=1
/usr/bin/cc  -DCHECK_FUNCTION_EXISTS=pthread_create    -rdynamic CMakeFiles/cmTC_5801c.dir/CheckFunctionExists.c.o  -o cmTC_5801c -lpthreads 
/usr/bin/ld: 找不到 -lpthreads
collect2: error: ld returned 1 exit status
CMakeFiles/cmTC_5801c.dir/build.make:86: recipe for target 'cmTC_5801c' failed
make[1]: *** [cmTC_5801c] Error 1
make[1]: Leaving directory '/home/yindong/relic/bulid/CMakeFiles/CMakeTmp'
Makefile:126: recipe for target 'cmTC_5801c/fast' failed
make: *** [cmTC_5801c/fast] Error 2


